[35m[Appium][39m Welcome to Appium v1.20.2
[35m[Appium][39m Non-default server args:
[35m[Appium][39m   port: 52402
[35m[Appium][39m   loglevel: info
[35m[Appium][39m   tmpDir: /var/folders/d6/vjkgnz6d74vf5qxp54wwtdcr0000gq/T//Katalon/Appium/Temp1613916157568
[35m[Appium][39m   chromedriverPort: 52403
[35m[Appium][39m Deprecated server args:
[35m[Appium][39m   [31m--chromedriver-port[39m => --default-capabilities
[35m[Appium][39m Default capabilities, which will be added to each request unless overridden by desired capabilities:
[35m[Appium][39m   chromedriverPort: 52403
[35m[Appium][39m Appium REST http interface listener started on 0.0.0.0:52402
[35m[HTTP][39m [37m-->[39m [37mGET[39m [37m/wd/hub/status[39m
[35m[HTTP][39m [90m{}[39m
[35m[HTTP][39m [37m<-- GET /wd/hub/status [39m[32m200[39m [90m5 ms - 68[39m
[35m[HTTP][39m [90m[39m
[35m[HTTP][39m [37m-->[39m [37mGET[39m [37m/wd/hub/status[39m
[35m[HTTP][39m [90m{}[39m
[35m[HTTP][39m [37m<-- GET /wd/hub/status [39m[32m200[39m [90m1 ms - 68[39m
[35m[HTTP][39m [90m[39m
[35m[HTTP][39m [37m-->[39m [37mPOST[39m [37m/wd/hub/session[39m
[35m[HTTP][39m [90m{"desiredCapabilities":{"app":"/Users/blezeltajor/Documents/app_files/pockethealthcare/apk/app.apk","noReset":true,"deviceName":"samsung SM-A315G (Android 10)","fullReset":false,"platform":"ANDROID","newCommandTimeout":1800,"platformVersion":"10","automationName":"uiautomator2","autoGrantPermissions":true,"platformName":"Android","udid":"RR8NC04F1HX","systemPort":52413},"capabilities":{"firstMatch":[{"appium:app":"/Users/blezeltajor/Documents/app_files/pockethealthcare/apk/app.apk","appium:autoGrantPermissions":true,"appium:automationName":"uiautomator2","appium:deviceName":"samsung SM-A315G (Android 10)","appium:fullReset":false,"appium:newCommandTimeout":1800,"appium:noReset":true,"platform":"ANDROID","platformName":"android","appium:platformVersion":"10","appium:systemPort":52413,"appium:udid":"RR8NC04F1HX"}]}}[39m
[35m[BaseDriver][39m The following capabilities are not standard capabilities and should have an extension prefix:
[35m[BaseDriver][39m   platform
[35m[BaseDriver][39m   chromedriverPort
[35m[Appium][39m Appium v1.20.2 creating new AndroidUiautomator2Driver (v1.61.2) session
[35m[BaseDriver][39m The following capabilities were provided, but are not recognized by Appium:
[35m[BaseDriver][39m   platform
[35m[BaseDriver][39m Session created with session id: c9442c6a-aa13-423f-bc94-3de32f762fcc
[35m[BaseDriver][39m Using local app '/Users/blezeltajor/Documents/app_files/pockethealthcare/apk/app.apk'
[35m[ADB][39m Found 1 'build-tools' folders under '/Users/blezeltajor/.katalon/tools/android_sdk' (newest first):
[35m[ADB][39m     /Users/blezeltajor/.katalon/tools/android_sdk/build-tools/29.0.3
[35m[ADB][39m Using 'adb' from '/Users/blezeltajor/.katalon/tools/android_sdk/platform-tools/adb'
[35m[AndroidDriver][39m Retrieving device list
[35m[AndroidDriver][39m Using device: RR8NC04F1HX
[35m[ADB][39m Using 'adb' from '/Users/blezeltajor/.katalon/tools/android_sdk/platform-tools/adb'
[35m[ADB][39m Getting device platform version
[35m[UiAutomator2][39m Relaxing hidden api policy
[35m[ADB][39m Package name: 'com.kddi.PocketHealthcareDemo'
[35m[ADB][39m Main activity name: 'com.kddi.PocketHealthcareDemo.MainActivity'
[35m[ADB][39m Using 'apksigner.jar' from '/Users/blezeltajor/.katalon/tools/android_sdk/build-tools/29.0.3/lib/apksigner.jar'
[35m[ADB][39m '/usr/local/lib/node_modules/appium/node_modules/appium-uiautomator2-server/apks/appium-uiautomator2-server-v4.17.4.apk' is signed with the default certificate
[35m[ADB][39m '/usr/local/lib/node_modules/appium/node_modules/appium-uiautomator2-server/apks/appium-uiautomator2-server-debug-androidTest.apk' is signed with the default certificate
[35m[UiAutomator2][39m Server packages are not going to be (re)installed
[35m[ADB][39m Adding packages ["io.appium.settings","io.appium.uiautomator2.server","io.appium.uiautomator2.server.test"] to Doze whitelist
[35m[ADB][39m '/Users/blezeltajor/Documents/app_files/pockethealthcare/apk/app.apk' is signed with a non-default certificate
[35m[UiAutomator2][39m Starting UIAutomator2 server 4.17.4
[35m[UiAutomator2][39m Using UIAutomator2 server from '/usr/local/lib/node_modules/appium/node_modules/appium-uiautomator2-server/apks/appium-uiautomator2-server-v4.17.4.apk' and test from '/usr/local/lib/node_modules/appium/node_modules/appium-uiautomator2-server/apks/appium-uiautomator2-server-debug-androidTest.apk'
[35m[UiAutomator2][39m Waiting up to 30000ms for UiAutomator2 to be online...
[35m[WD Proxy][39m socket hang up
[35m[WD Proxy][39m socket hang up
[35m[WD Proxy][39m socket hang up
[35m[WD Proxy][39m Determined the downstream protocol as 'W3C'
[35m[AndroidDriver][39m Screen already unlocked, doing nothing
[35m[UiAutomator2][39m Starting 'com.kddi.PocketHealthcareDemo/com.kddi.PocketHealthcareDemo.MainActivity and waiting for 'com.kddi.PocketHealthcareDemo/com.kddi.PocketHealthcareDemo.MainActivity'
[35m[Appium][39m New AndroidUiautomator2Driver session created successfully, session c9442c6a-aa13-423f-bc94-3de32f762fcc added to master session list
[35m[HTTP][39m [37m<-- POST /wd/hub/session [39m[32m200[39m [90m9041 ms - 1300[39m
[35m[HTTP][39m [90m[39m
[35m[HTTP][39m [37m-->[39m [37mGET[39m [37m/wd/hub/session/c9442c6a-aa13-423f-bc94-3de32f762fcc[39m
[35m[HTTP][39m [90m{}[39m
[35m[HTTP][39m [37m<-- GET /wd/hub/session/c9442c6a-aa13-423f-bc94-3de32f762fcc [39m[32m200[39m [90m16 ms - 1254[39m
[35m[HTTP][39m [90m[39m
[35m[HTTP][39m [37m-->[39m [37mGET[39m [37m/wd/hub/session/c9442c6a-aa13-423f-bc94-3de32f762fcc[39m
[35m[HTTP][39m [90m{}[39m
[35m[HTTP][39m [37m<-- GET /wd/hub/session/c9442c6a-aa13-423f-bc94-3de32f762fcc [39m[32m200[39m [90m18 ms - 1254[39m
[35m[HTTP][39m [90m[39m
[35m[HTTP][39m [37m-->[39m [37mGET[39m [37m/wd/hub/status[39m
[35m[HTTP][39m [90m{}[39m
[35m[HTTP][39m [37m<-- GET /wd/hub/status [39m[32m200[39m [90m1 ms - 68[39m
[35m[HTTP][39m [90m[39m
[35m[HTTP][39m [37m-->[39m [37mPOST[39m [37m/wd/hub/session/c9442c6a-aa13-423f-bc94-3de32f762fcc/timeouts[39m
[35m[HTTP][39m [90m{"implicit":60000}[39m
[35m[HTTP][39m [37m<-- POST /wd/hub/session/c9442c6a-aa13-423f-bc94-3de32f762fcc/timeouts [39m[32m200[39m [90m3 ms - 14[39m
[35m[HTTP][39m [90m[39m
[35m[HTTP][39m [37m-->[39m [37mGET[39m [37m/wd/hub/session/c9442c6a-aa13-423f-bc94-3de32f762fcc/source[39m
[35m[HTTP][39m [90m{}[39m
[35m[W3C (c9442c6a)][39m Driver proxy active, passing request on via HTTP proxy
[35m[WD Proxy][39m Replacing sessionId 8acf156e-c837-4bd2-b320-a6f5a51aa937 with c9442c6a-aa13-423f-bc94-3de32f762fcc
[35m[HTTP][39m [37m<-- GET /wd/hub/session/c9442c6a-aa13-423f-bc94-3de32f762fcc/source [39m[32m200[39m [90m510 ms - 4055[39m
[35m[HTTP][39m [90m[39m
[35m[HTTP][39m [37m-->[39m [37mGET[39m [37m/wd/hub/session/c9442c6a-aa13-423f-bc94-3de32f762fcc/screenshot[39m
[35m[HTTP][39m [90m{}[39m
[35m[HTTP][39m [37m<-- GET /wd/hub/session/c9442c6a-aa13-423f-bc94-3de32f762fcc/screenshot [39m[32m200[39m [90m545 ms - 41214[39m
[35m[HTTP][39m [90m[39m
[35m[HTTP][39m [37m-->[39m [37mGET[39m [37m/wd/hub/session/c9442c6a-aa13-423f-bc94-3de32f762fcc/source[39m
[35m[HTTP][39m [90m{}[39m
[35m[W3C (c9442c6a)][39m Driver proxy active, passing request on via HTTP proxy
[35m[WD Proxy][39m Replacing sessionId 8acf156e-c837-4bd2-b320-a6f5a51aa937 with c9442c6a-aa13-423f-bc94-3de32f762fcc
[35m[HTTP][39m [37m<-- GET /wd/hub/session/c9442c6a-aa13-423f-bc94-3de32f762fcc/source [39m[32m200[39m [90m166 ms - 16831[39m
[35m[HTTP][39m [90m[39m
[35m[HTTP][39m [37m-->[39m [37mGET[39m [37m/wd/hub/session/c9442c6a-aa13-423f-bc94-3de32f762fcc/screenshot[39m
[35m[HTTP][39m [90m{}[39m
[35m[HTTP][39m [37m<-- GET /wd/hub/session/c9442c6a-aa13-423f-bc94-3de32f762fcc/screenshot [39m[32m200[39m [90m638 ms - 229288[39m
[35m[HTTP][39m [90m[39m
[35m[HTTP][39m [37m-->[39m [37mPOST[39m [37m/wd/hub/session/c9442c6a-aa13-423f-bc94-3de32f762fcc/elements[39m
[35m[HTTP][39m [90m{"using":"xpath","value":"//*[@class = 'android.view.View' and @resource-id = '' and (@text = '' or . = '')]"}[39m
[35m[HTTP][39m [37m<-- POST /wd/hub/session/c9442c6a-aa13-423f-bc94-3de32f762fcc/elements [39m[32m200[39m [90m279 ms - 3339[39m
[35m[HTTP][39m [90m[39m
[35m[HTTP][39m [37m-->[39m [37mPOST[39m [37m/wd/hub/session/c9442c6a-aa13-423f-bc94-3de32f762fcc/elements[39m
[35m[HTTP][39m [90m{"using":"accessibility id","value":"記録"}[39m
[35m[HTTP][39m [37m<-- POST /wd/hub/session/c9442c6a-aa13-423f-bc94-3de32f762fcc/elements [39m[32m200[39m [90m39 ms - 139[39m
[35m[HTTP][39m [90m[39m
[35m[HTTP][39m [37m-->[39m [37mGET[39m [37m/wd/hub/session/c9442c6a-aa13-423f-bc94-3de32f762fcc/window/rect[39m
[35m[HTTP][39m [90m{}[39m
[35m[HTTP][39m [37m<-- GET /wd/hub/session/c9442c6a-aa13-423f-bc94-3de32f762fcc/window/rect [39m[32m200[39m [90m22 ms - 50[39m
[35m[HTTP][39m [90m[39m
[35m[HTTP][39m [37m-->[39m [37mPOST[39m [37m/wd/hub/session/c9442c6a-aa13-423f-bc94-3de32f762fcc/elements[39m
[35m[HTTP][39m [90m{"using":"accessibility id","value":"記録"}[39m
[35m[HTTP][39m [37m<-- POST /wd/hub/session/c9442c6a-aa13-423f-bc94-3de32f762fcc/elements [39m[32m200[39m [90m37 ms - 139[39m
[35m[HTTP][39m [90m[39m
[35m[HTTP][39m [37m-->[39m [37mGET[39m [37m/wd/hub/session/c9442c6a-aa13-423f-bc94-3de32f762fcc/element/e8898954-307b-45be-982b-1fb8c0d9b7f3/location[39m
[35m[HTTP][39m [90m{}[39m
[35m[W3C (c9442c6a)][39m Driver proxy active, passing request on via HTTP proxy
[35m[WD Proxy][39m Replacing sessionId 8acf156e-c837-4bd2-b320-a6f5a51aa937 with c9442c6a-aa13-423f-bc94-3de32f762fcc
[35m[HTTP][39m [37m<-- GET /wd/hub/session/c9442c6a-aa13-423f-bc94-3de32f762fcc/element/e8898954-307b-45be-982b-1fb8c0d9b7f3/location [39m[32m200[39m [90m29 ms - 79[39m
[35m[HTTP][39m [90m[39m
[35m[HTTP][39m [37m-->[39m [37mPOST[39m [37m/wd/hub/session/c9442c6a-aa13-423f-bc94-3de32f762fcc/touch/perform[39m
[35m[HTTP][39m [90m{"actions":[{"action":"tap","options":{"x":1,"y":1,"element":"e8898954-307b-45be-982b-1fb8c0d9b7f3"}}]}[39m
[35m[UiAutomator2][39m calling get location: e8898954-307b-45be-982b-1fb8c0d9b7f3
[35m[HTTP][39m [37m<-- POST /wd/hub/session/c9442c6a-aa13-423f-bc94-3de32f762fcc/touch/perform [39m[32m200[39m [90m1667 ms - 14[39m
[35m[HTTP][39m [90m[39m
[35m[HTTP][39m [37m-->[39m [37mGET[39m [37m/wd/hub/session/c9442c6a-aa13-423f-bc94-3de32f762fcc/source[39m
[35m[HTTP][39m [90m{}[39m
[35m[W3C (c9442c6a)][39m Driver proxy active, passing request on via HTTP proxy
[35m[WD Proxy][39m Replacing sessionId 8acf156e-c837-4bd2-b320-a6f5a51aa937 with c9442c6a-aa13-423f-bc94-3de32f762fcc
[35m[HTTP][39m [37m<-- GET /wd/hub/session/c9442c6a-aa13-423f-bc94-3de32f762fcc/source [39m[32m200[39m [90m200 ms - 14333[39m
[35m[HTTP][39m [90m[39m
[35m[HTTP][39m [37m-->[39m [37mGET[39m [37m/wd/hub/session/c9442c6a-aa13-423f-bc94-3de32f762fcc/screenshot[39m
[35m[HTTP][39m [90m{}[39m
[35m[HTTP][39m [37m<-- GET /wd/hub/session/c9442c6a-aa13-423f-bc94-3de32f762fcc/screenshot [39m[32m200[39m [90m569 ms - 146336[39m
[35m[HTTP][39m [90m[39m
[35m[HTTP][39m [37m-->[39m [37mGET[39m [37m/wd/hub/session/c9442c6a-aa13-423f-bc94-3de32f762fcc/source[39m
[35m[HTTP][39m [90m{}[39m
[35m[W3C (c9442c6a)][39m Driver proxy active, passing request on via HTTP proxy
[35m[WD Proxy][39m Replacing sessionId 8acf156e-c837-4bd2-b320-a6f5a51aa937 with c9442c6a-aa13-423f-bc94-3de32f762fcc
[35m[HTTP][39m [37m<-- GET /wd/hub/session/c9442c6a-aa13-423f-bc94-3de32f762fcc/source [39m[32m200[39m [90m211 ms - 16831[39m
[35m[HTTP][39m [90m[39m
[35m[HTTP][39m [37m-->[39m [37mGET[39m [37m/wd/hub/session/c9442c6a-aa13-423f-bc94-3de32f762fcc/screenshot[39m
[35m[HTTP][39m [90m{}[39m
[35m[HTTP][39m [37m<-- GET /wd/hub/session/c9442c6a-aa13-423f-bc94-3de32f762fcc/screenshot [39m[32m200[39m [90m633 ms - 228844[39m
[35m[HTTP][39m [90m[39m
[35m[HTTP][39m [37m-->[39m [37mPOST[39m [37m/wd/hub/session/c9442c6a-aa13-423f-bc94-3de32f762fcc/elements[39m
[35m[HTTP][39m [90m{"using":"xpath","value":"//*[@class = 'android.view.View' and @resource-id = '' and (@text = '' or . = '')]"}[39m
[35m[HTTP][39m [37m<-- POST /wd/hub/session/c9442c6a-aa13-423f-bc94-3de32f762fcc/elements [39m[32m200[39m [90m187 ms - 3339[39m
[35m[HTTP][39m [90m[39m
[35m[HTTP][39m [37m-->[39m [37mPOST[39m [37m/wd/hub/session/c9442c6a-aa13-423f-bc94-3de32f762fcc/elements[39m
[35m[HTTP][39m [90m{"using":"accessibility id","value":"記録"}[39m
[35m[HTTP][39m [37m<-- POST /wd/hub/session/c9442c6a-aa13-423f-bc94-3de32f762fcc/elements [39m[32m200[39m [90m40 ms - 139[39m
[35m[HTTP][39m [90m[39m
[35m[HTTP][39m [37m-->[39m [37mGET[39m [37m/wd/hub/session/c9442c6a-aa13-423f-bc94-3de32f762fcc/window/rect[39m
[35m[HTTP][39m [90m{}[39m
[35m[HTTP][39m [37m<-- GET /wd/hub/session/c9442c6a-aa13-423f-bc94-3de32f762fcc/window/rect [39m[32m200[39m [90m26 ms - 50[39m
[35m[HTTP][39m [90m[39m
[35m[HTTP][39m [37m-->[39m [37mPOST[39m [37m/wd/hub/session/c9442c6a-aa13-423f-bc94-3de32f762fcc/elements[39m
[35m[HTTP][39m [90m{"using":"accessibility id","value":"記録"}[39m
[35m[HTTP][39m [37m<-- POST /wd/hub/session/c9442c6a-aa13-423f-bc94-3de32f762fcc/elements [39m[32m200[39m [90m50 ms - 139[39m
[35m[HTTP][39m [90m[39m
[35m[HTTP][39m [37m-->[39m [37mGET[39m [37m/wd/hub/session/c9442c6a-aa13-423f-bc94-3de32f762fcc/element/91972e35-54de-4e24-a5e8-5bd030377135/location[39m
[35m[HTTP][39m [90m{}[39m
[35m[W3C (c9442c6a)][39m Driver proxy active, passing request on via HTTP proxy
[35m[WD Proxy][39m Replacing sessionId 8acf156e-c837-4bd2-b320-a6f5a51aa937 with c9442c6a-aa13-423f-bc94-3de32f762fcc
[35m[HTTP][39m [37m<-- GET /wd/hub/session/c9442c6a-aa13-423f-bc94-3de32f762fcc/element/91972e35-54de-4e24-a5e8-5bd030377135/location [39m[32m200[39m [90m32 ms - 79[39m
[35m[HTTP][39m [90m[39m
[35m[HTTP][39m [37m-->[39m [37mPOST[39m [37m/wd/hub/session/c9442c6a-aa13-423f-bc94-3de32f762fcc/touch/perform[39m
[35m[HTTP][39m [90m{"actions":[{"action":"longPress","options":{"element":"91972e35-54de-4e24-a5e8-5bd030377135"}},{"action":"release","options":{}}]}[39m
[35m[UiAutomator2][39m calling get location: 91972e35-54de-4e24-a5e8-5bd030377135
[35m[HTTP][39m [37m<-- POST /wd/hub/session/c9442c6a-aa13-423f-bc94-3de32f762fcc/touch/perform [39m[32m200[39m [90m2635 ms - 14[39m
[35m[HTTP][39m [90m[39m
[35m[HTTP][39m [37m-->[39m [37mGET[39m [37m/wd/hub/session/c9442c6a-aa13-423f-bc94-3de32f762fcc/source[39m
[35m[HTTP][39m [90m{}[39m
[35m[W3C (c9442c6a)][39m Driver proxy active, passing request on via HTTP proxy
[35m[WD Proxy][39m Replacing sessionId 8acf156e-c837-4bd2-b320-a6f5a51aa937 with c9442c6a-aa13-423f-bc94-3de32f762fcc
[35m[HTTP][39m [37m<-- GET /wd/hub/session/c9442c6a-aa13-423f-bc94-3de32f762fcc/source [39m[32m200[39m [90m268 ms - 18555[39m
[35m[HTTP][39m [90m[39m
[35m[HTTP][39m [37m-->[39m [37mGET[39m [37m/wd/hub/session/c9442c6a-aa13-423f-bc94-3de32f762fcc/screenshot[39m
[35m[HTTP][39m [90m{}[39m
[35m[HTTP][39m [37m<-- GET /wd/hub/session/c9442c6a-aa13-423f-bc94-3de32f762fcc/screenshot [39m[32m200[39m [90m642 ms - 266456[39m
[35m[HTTP][39m [90m[39m
[35m[HTTP][39m [37m-->[39m [37mPOST[39m [37m/wd/hub/session/c9442c6a-aa13-423f-bc94-3de32f762fcc/elements[39m
[35m[HTTP][39m [90m{"using":"xpath","value":"//*[@class = 'android.view.View' and @resource-id = '' and (@text = '' or . = '')]"}[39m
[35m[HTTP][39m [37m<-- POST /wd/hub/session/c9442c6a-aa13-423f-bc94-3de32f762fcc/elements [39m[32m200[39m [90m178 ms - 3851[39m
[35m[HTTP][39m [90m[39m
[35m[HTTP][39m [37m-->[39m [37mPOST[39m [37m/wd/hub/session/c9442c6a-aa13-423f-bc94-3de32f762fcc/elements[39m
[35m[HTTP][39m [90m{"using":"accessibility id","value":"体重"}[39m
[35m[HTTP][39m [37m<-- POST /wd/hub/session/c9442c6a-aa13-423f-bc94-3de32f762fcc/elements [39m[32m200[39m [90m36 ms - 267[39m
[35m[HTTP][39m [90m[39m
[35m[HTTP][39m [37m-->[39m [37mPOST[39m [37m/wd/hub/session/c9442c6a-aa13-423f-bc94-3de32f762fcc/elements[39m
[35m[HTTP][39m [90m{"using":"-android uiautomator","value":"new UiSelector().className(\"android.view.View\").resourceId(\"\")"}[39m
[35m[HTTP][39m [37m<-- POST /wd/hub/session/c9442c6a-aa13-423f-bc94-3de32f762fcc/elements [39m[32m200[39m [90m680 ms - 3851[39m
[35m[HTTP][39m [90m[39m
[35m[HTTP][39m [37m-->[39m [37mGET[39m [37m/wd/hub/session/c9442c6a-aa13-423f-bc94-3de32f762fcc/window/rect[39m
[35m[HTTP][39m [90m{}[39m
[35m[HTTP][39m [37m<-- GET /wd/hub/session/c9442c6a-aa13-423f-bc94-3de32f762fcc/window/rect [39m[32m200[39m [90m14 ms - 50[39m
[35m[HTTP][39m [90m[39m
[35m[HTTP][39m [37m-->[39m [37mPOST[39m [37m/wd/hub/session/c9442c6a-aa13-423f-bc94-3de32f762fcc/elements[39m
[35m[HTTP][39m [90m{"using":"xpath","value":"//hierarchy/android.widget.FrameLayout[1]/android.widget.LinearLayout[1]/android.widget.FrameLayout[1]/android.widget.FrameLayout[1]/android.widget.FrameLayout[1]/android.view.View[1]/android.view.View[1]/android.view.View[1]/android.view.View[1]/android.view.View[1]/android.view.View[1]/android.view.View[7]"}[39m
[35m[HTTP][39m [37m<-- POST /wd/hub/session/c9442c6a-aa13-423f-bc94-3de32f762fcc/elements [39m[32m200[39m [90m53 ms - 139[39m
[35m[HTTP][39m [90m[39m
[35m[HTTP][39m [37m-->[39m [37mGET[39m [37m/wd/hub/session/c9442c6a-aa13-423f-bc94-3de32f762fcc/element/726456ea-b0d2-42b3-a812-5dcedd103d24/location[39m
[35m[HTTP][39m [90m{}[39m
[35m[W3C (c9442c6a)][39m Driver proxy active, passing request on via HTTP proxy
[35m[WD Proxy][39m Replacing sessionId 8acf156e-c837-4bd2-b320-a6f5a51aa937 with c9442c6a-aa13-423f-bc94-3de32f762fcc
[35m[HTTP][39m [37m<-- GET /wd/hub/session/c9442c6a-aa13-423f-bc94-3de32f762fcc/element/726456ea-b0d2-42b3-a812-5dcedd103d24/location [39m[32m200[39m [90m19 ms - 79[39m
[35m[HTTP][39m [90m[39m
[35m[HTTP][39m [37m-->[39m [37mPOST[39m [37m/wd/hub/session/c9442c6a-aa13-423f-bc94-3de32f762fcc/touch/perform[39m
[35m[HTTP][39m [90m{"actions":[{"action":"longPress","options":{"element":"726456ea-b0d2-42b3-a812-5dcedd103d24"}},{"action":"release","options":{}}]}[39m
[35m[UiAutomator2][39m calling get location: 726456ea-b0d2-42b3-a812-5dcedd103d24
[35m[HTTP][39m [37m<-- POST /wd/hub/session/c9442c6a-aa13-423f-bc94-3de32f762fcc/touch/perform [39m[32m200[39m [90m2600 ms - 14[39m
[35m[HTTP][39m [90m[39m
[35m[HTTP][39m [37m-->[39m [37mGET[39m [37m/wd/hub/session/c9442c6a-aa13-423f-bc94-3de32f762fcc/source[39m
[35m[HTTP][39m [90m{}[39m
[35m[W3C (c9442c6a)][39m Driver proxy active, passing request on via HTTP proxy
[35m[WD Proxy][39m Replacing sessionId 8acf156e-c837-4bd2-b320-a6f5a51aa937 with c9442c6a-aa13-423f-bc94-3de32f762fcc
[35m[HTTP][39m [37m<-- GET /wd/hub/session/c9442c6a-aa13-423f-bc94-3de32f762fcc/source [39m[32m200[39m [90m156 ms - 7956[39m
[35m[HTTP][39m [90m[39m
[35m[HTTP][39m [37m-->[39m [37mGET[39m [37m/wd/hub/session/c9442c6a-aa13-423f-bc94-3de32f762fcc/screenshot[39m
[35m[HTTP][39m [90m{}[39m
[35m[HTTP][39m [37m<-- GET /wd/hub/session/c9442c6a-aa13-423f-bc94-3de32f762fcc/screenshot [39m[32m200[39m [90m555 ms - 99566[39m
[35m[HTTP][39m [90m[39m
[35m[HTTP][39m [37m-->[39m [37mPOST[39m [37m/wd/hub/session/c9442c6a-aa13-423f-bc94-3de32f762fcc/elements[39m
[35m[HTTP][39m [90m{"using":"xpath","value":"//*[@class = 'android.widget.EditText' and (@text = '入力してください' or . = '入力してください') and @resource-id = '']"}[39m
[35m[HTTP][39m [37m<-- POST /wd/hub/session/c9442c6a-aa13-423f-bc94-3de32f762fcc/elements [39m[32m200[39m [90m91 ms - 139[39m
[35m[HTTP][39m [90m[39m
[35m[HTTP][39m [37m-->[39m [37mGET[39m [37m/wd/hub/session/c9442c6a-aa13-423f-bc94-3de32f762fcc/window/rect[39m
[35m[HTTP][39m [90m{}[39m
[35m[HTTP][39m [37m<-- GET /wd/hub/session/c9442c6a-aa13-423f-bc94-3de32f762fcc/window/rect [39m[32m200[39m [90m22 ms - 50[39m
[35m[HTTP][39m [90m[39m
[35m[HTTP][39m [37m-->[39m [37mPOST[39m [37m/wd/hub/session/c9442c6a-aa13-423f-bc94-3de32f762fcc/elements[39m
[35m[HTTP][39m [90m{"using":"xpath","value":"//*[@class = 'android.widget.EditText' and (@text = '入力してください' or . = '入力してください') and @resource-id = '']"}[39m
[35m[HTTP][39m [37m<-- POST /wd/hub/session/c9442c6a-aa13-423f-bc94-3de32f762fcc/elements [39m[32m200[39m [90m92 ms - 139[39m
[35m[HTTP][39m [90m[39m
[35m[HTTP][39m [37m-->[39m [37mGET[39m [37m/wd/hub/session/c9442c6a-aa13-423f-bc94-3de32f762fcc/element/4580af5e-8d7f-4f54-b3f9-56cadea499e4/location[39m
[35m[HTTP][39m [90m{}[39m
[35m[W3C (c9442c6a)][39m Driver proxy active, passing request on via HTTP proxy
[35m[WD Proxy][39m Replacing sessionId 8acf156e-c837-4bd2-b320-a6f5a51aa937 with c9442c6a-aa13-423f-bc94-3de32f762fcc
[35m[HTTP][39m [37m<-- GET /wd/hub/session/c9442c6a-aa13-423f-bc94-3de32f762fcc/element/4580af5e-8d7f-4f54-b3f9-56cadea499e4/location [39m[32m200[39m [90m26 ms - 78[39m
[35m[HTTP][39m [90m[39m
[35m[HTTP][39m [37m-->[39m [37mPOST[39m [37m/wd/hub/session/c9442c6a-aa13-423f-bc94-3de32f762fcc/element/4580af5e-8d7f-4f54-b3f9-56cadea499e4/clear[39m
[35m[HTTP][39m [90m{"id":"4580af5e-8d7f-4f54-b3f9-56cadea499e4"}[39m
[35m[HTTP][39m [37m<-- POST /wd/hub/session/c9442c6a-aa13-423f-bc94-3de32f762fcc/element/4580af5e-8d7f-4f54-b3f9-56cadea499e4/clear [39m[32m200[39m [90m25 ms - 14[39m
[35m[HTTP][39m [90m[39m
[35m[HTTP][39m [37m-->[39m [37mPOST[39m [37m/wd/hub/session/c9442c6a-aa13-423f-bc94-3de32f762fcc/element/4580af5e-8d7f-4f54-b3f9-56cadea499e4/value[39m
[35m[HTTP][39m [90m{"id":"4580af5e-8d7f-4f54-b3f9-56cadea499e4","text":"55","value":["5","5"]}[39m
[35m[WD Proxy][39m Got response with status 400: {"sessionId":"8acf156e-c837-4bd2-b320-a6f5a51aa937","value":{"error":"invalid element state","message":"Cannot set the element to '55'. Did you interact with the correct element?","stacktrace":"io.appium.uiautomator2.common.exceptions.InvalidElementStateException: Cannot set the element to '55'. Did you interact with the correct element?\n\tat io.appium.uiautomator2.handler.SendKeysToElement.setText(SendKeysToElement.java:87)\n\tat io.appium.uiautomator2.handler.SendKeysToElement.safeHandle(SendKeysToElement.java:115)\n\tat io.appium.uiautomator2.handler.request.SafeRequestHandler.handle(SafeRequestHandler.java:41)\n\tat io.appium.uiautomator2.server.AppiumServlet.handleRequest(AppiumServlet.java:261)\n\tat io.appium.uiautomator2.server.AppiumServlet.handleHttpRequest(AppiumServlet.java:255)\n\tat io.appium.uiautomator2.http.ServerHandler.channelRead(ServerHandler.java:68)\n\tat io.netty.channel.AbstractChannelHandlerContext.invokeChannelRead(AbstractChannelHandlerContext.java:366)\n\tat io.netty.channel.A...
[35m[HTTP][39m [37m<-- POST /wd/hub/session/c9442c6a-aa13-423f-bc94-3de32f762fcc/element/4580af5e-8d7f-4f54-b3f9-56cadea499e4/value [39m[33m400[39m [90m99 ms - 3883[39m
[35m[HTTP][39m [90m[39m
[35m[HTTP][39m [37m-->[39m [37mDELETE[39m [37m/wd/hub/session/c9442c6a-aa13-423f-bc94-3de32f762fcc[39m
[35m[HTTP][39m [90m{}[39m
[35m[Appium][39m Removing session c9442c6a-aa13-423f-bc94-3de32f762fcc from our master session list
[35m[UiAutomator2][39m Restoring hidden api policy to the device default configuration
[35m[HTTP][39m [37m<-- DELETE /wd/hub/session/c9442c6a-aa13-423f-bc94-3de32f762fcc [39m[32m200[39m [90m373 ms - 14[39m
[35m[HTTP][39m [90m[39m
